<?xml version="1.0" encoding="UTF-8"?>
<testsuite name="com.gon.admin.web.dto.HelloResponseDtoTest" tests="1" skipped="0" failures="0" errors="0" timestamp="2021-05-24T08:04:50" hostname="Home-PC" time="0.05">
  <properties/>
  <testcase name="롬복_기능_테스트" classname="com.gon.admin.web.dto.HelloResponseDtoTest" time="0.05"/>
  <system-out><![CDATA[]]></system-out>
  <system-err><![CDATA[]]></system-err>
</testsuite>
